<?xml version="1.0" encoding="UTF-8"?>
<!-- Generated by org.testng.reporters.JUnitReportReporter -->
<testsuite skipped="0" hostname="Manam-s" name="script.checkPrductVersion" tests="1" failures="0" timestamp="30 Apr 2018 14:06:47 GMT" time="22.479" errors="0">
  <testcase name="testcheckprductVersion" time="22.479" classname="script.checkPrductVersion"/>
</testsuite> <!-- script.checkPrductVersion -->
