<?xml version="1.0" encoding="UTF-8"?>
<!-- Generated by org.testng.reporters.JUnitReportReporter -->
<testsuite skipped="0" hostname="Manam-s" name="script.Validation" tests="1" failures="0" timestamp="30 Apr 2018 14:06:48 GMT" time="48.020" errors="0">
  <testcase name="testvalidLogin" time="48.020" classname="script.Validation"/>
</testsuite> <!-- script.Validation -->
