<?xml version="1.0" encoding="UTF-8"?>
<!-- Generated by org.testng.reporters.JUnitReportReporter -->
<testsuite skipped="0" hostname="Manam-s" name="script.Validation" tests="1" failures="0" timestamp="02 May 2018 18:17:09 GMT" time="48.613" errors="0">
  <testcase name="testvalidLogin" time="48.613" classname="script.Validation"/>
</testsuite> <!-- script.Validation -->
