<?xml version="1.0" encoding="UTF-8"?>
<!-- Generated by org.testng.reporters.JUnitReportReporter -->
<testsuite skipped="0" hostname="Manam-s" name="script.checkPrductVersion" tests="1" failures="0" timestamp="02 May 2018 18:17:09 GMT" time="28.394" errors="0">
  <testcase name="testcheckprductVersion" time="28.394" classname="script.checkPrductVersion"/>
</testsuite> <!-- script.checkPrductVersion -->
